
> fusion-frontend@0.0.0 dev
> vite


  VITE v8.0.8  ready in 848 ms

  ➜  Local:   http://localhost:5173/
  ➜  Network: use --host to expose
12:15:03 PM [vite] (client) hmr update /src/index.css, /src/pages/NewsletterPage.tsx
12:15:58 PM [vite] (client) hmr update /src/pages/NewsletterPage.tsx, /src/index.css
12:23:00 PM [vite] (client) hmr update /src/index.css
12:23:17 PM [vite] (client) hmr update /src/index.css, /src/pages/JournalPage.tsx
12:23:25 PM [vite] (client) hmr update /src/index.css, /src/pages/JournalPage.tsx
12:24:20 PM [vite] (client) hmr update /src/index.css, /src/components/journal/OutcomeBadge.tsx
12:24:37 PM [vite] (client) hmr update /src/index.css, /src/components/journal/StatsBar.tsx
12:24:52 PM [vite] (client) hmr update /src/index.css, /src/components/journal/JournalRow.tsx
12:25:03 PM [vite] (client) hmr update /src/index.css, /src/components/journal/JournalTable.tsx
12:25:29 PM [vite] (client) hmr update /src/pages/JournalPage.tsx, /src/index.css
12:31:01 PM [vite] (client) hmr update /src/pages/JournalPage.tsx, /src/index.css
12:33:43 PM [vite] (client) hmr update /src/index.css, /src/pages/JournalPage.tsx
12:40:09 PM [vite] http proxy error: /api/v1/journal/verify-now
Error: connect ECONNREFUSED 127.0.0.1:2001
    at TCPConnectWrap.afterConnect [as oncomplete] (node:net:1637:16)
12:40:26 PM [vite] http proxy error: /api/v1/journal/verify-now
Error: connect ECONNREFUSED 127.0.0.1:2001
    at TCPConnectWrap.afterConnect [as oncomplete] (node:net:1637:16)
