
> fusion-frontend@0.0.0 dev
> vite


> fusion-frontend@0.0.0 dev
> vite


  VITE v8.0.8  ready in 847 ms

  ➜  Local:   http://localhost:5173/
  ➜  Network: use --host to expose
11:31:47 PM [vite] (client) hmr update /src/pages/SettingsPage.tsx, /src/index.css
11:32:23 PM [vite] (client) hmr update /src/pages/AboutPage.tsx, /src/index.css
11:33:13 PM [vite] (client) hmr update /src/pages/JournalPage.tsx, /src/index.css
11:34:34 PM [vite] (client) hmr update /src/pages/ModelsPage.tsx, /src/index.css
11:35:27 PM [vite] (client) hmr update /src/pages/NewsletterPage.tsx, /src/index.css
11:38:57 PM [vite] (client) hmr update /src/pages/SettingsPage.tsx, /src/index.css
11:38:57 PM [vite] Internal server error: Transform failed with 1 error:

[31m[PARSE_ERROR] Error:[0m Unexpected token. Did you mean `{'}'}` or `&rbrace;`?
     [38;5;246m╭[0m[38;5;246m─[0m[38;5;246m[[0m src/pages/SettingsPage.tsx:108:1 [38;5;246m][0m
     [38;5;246m│[0m
 [38;5;246m108 │[0m [38;5;249m}[0m
 [38;5;240m    │[0m │ 
 [38;5;240m    │[0m ╰─ 
[38;5;246m─────╯[0m

  Plugin: vite:oxc
  File: /home/naynek/Desktop/Backup/FX/fusion-frontend/src/pages/SettingsPage.tsx
      at transformWithOxc (file:///home/naynek/Desktop/Backup/FX/fusion-frontend/node_modules/vite/dist/node/chunks/node.js:3745:19)
      at TransformPluginContext.transform (file:///home/naynek/Desktop/Backup/FX/fusion-frontend/node_modules/vite/dist/node/chunks/node.js:3813:26)
      at EnvironmentPluginContainer.transform (file:///home/naynek/Desktop/Backup/FX/fusion-frontend/node_modules/vite/dist/node/chunks/node.js:30143:51)
      at async loadAndTransform (file:///home/naynek/Desktop/Backup/FX/fusion-frontend/node_modules/vite/dist/node/chunks/node.js:24468:26)
      at async viteTransformMiddleware (file:///home/naynek/Desktop/Backup/FX/fusion-frontend/node_modules/vite/dist/node/chunks/node.js:24262:20)
11:39:07 PM [vite] (client) hmr update /src/pages/SettingsPage.tsx, /src/index.css
11:39:47 PM [vite] (client) hmr update /src/pages/AboutPage.tsx, /src/index.css
11:39:47 PM [vite] Internal server error: Transform failed with 1 error:

[31m[PARSE_ERROR] Error:[0m Unexpected token. Did you mean `{'}'}` or `&rbrace;`?
     [38;5;246m╭[0m[38;5;246m─[0m[38;5;246m[[0m src/pages/AboutPage.tsx:223:1 [38;5;246m][0m
     [38;5;246m│[0m
 [38;5;246m223 │[0m [38;5;249m}[0m
 [38;5;240m    │[0m │ 
 [38;5;240m    │[0m ╰─ 
[38;5;246m─────╯[0m

  Plugin: vite:oxc
  File: /home/naynek/Desktop/Backup/FX/fusion-frontend/src/pages/AboutPage.tsx
      at transformWithOxc (file:///home/naynek/Desktop/Backup/FX/fusion-frontend/node_modules/vite/dist/node/chunks/node.js:3745:19)
      at TransformPluginContext.transform (file:///home/naynek/Desktop/Backup/FX/fusion-frontend/node_modules/vite/dist/node/chunks/node.js:3813:26)
      at EnvironmentPluginContainer.transform (file:///home/naynek/Desktop/Backup/FX/fusion-frontend/node_modules/vite/dist/node/chunks/node.js:30143:51)
      at async loadAndTransform (file:///home/naynek/Desktop/Backup/FX/fusion-frontend/node_modules/vite/dist/node/chunks/node.js:24468:26)
      at async viteTransformMiddleware (file:///home/naynek/Desktop/Backup/FX/fusion-frontend/node_modules/vite/dist/node/chunks/node.js:24262:20)
11:40:10 PM [vite] (client) hmr update /src/pages/AboutPage.tsx, /src/index.css
11:41:03 PM [vite] (client) hmr update /src/pages/JournalPage.tsx, /src/index.css
11:41:03 PM [vite] Internal server error: Transform failed with 1 error:

[31m[PARSE_ERROR] Error:[0m Unexpected token. Did you mean `{'}'}` or `&rbrace;`?
    [38;5;246m╭[0m[38;5;246m─[0m[38;5;246m[[0m src/pages/JournalPage.tsx:63:1 [38;5;246m][0m
    [38;5;246m│[0m
 [38;5;246m63 │[0m [38;5;249m}[0m
 [38;5;240m   │[0m │ 
 [38;5;240m   │[0m ╰─ 
[38;5;246m────╯[0m

  Plugin: vite:oxc
  File: /home/naynek/Desktop/Backup/FX/fusion-frontend/src/pages/JournalPage.tsx
      at transformWithOxc (file:///home/naynek/Desktop/Backup/FX/fusion-frontend/node_modules/vite/dist/node/chunks/node.js:3745:19)
      at TransformPluginContext.transform (file:///home/naynek/Desktop/Backup/FX/fusion-frontend/node_modules/vite/dist/node/chunks/node.js:3813:26)
      at EnvironmentPluginContainer.transform (file:///home/naynek/Desktop/Backup/FX/fusion-frontend/node_modules/vite/dist/node/chunks/node.js:30143:51)
      at async loadAndTransform (file:///home/naynek/Desktop/Backup/FX/fusion-frontend/node_modules/vite/dist/node/chunks/node.js:24468:26)
      at async viteTransformMiddleware (file:///home/naynek/Desktop/Backup/FX/fusion-frontend/node_modules/vite/dist/node/chunks/node.js:24262:20)
11:41:15 PM [vite] (client) hmr update /src/pages/JournalPage.tsx, /src/index.css
11:41:22 PM [vite] (client) hmr update /src/pages/NewsletterPage.tsx, /src/index.css
11:41:22 PM [vite] Internal server error: Transform failed with 1 error:

[31m[PARSE_ERROR] Error:[0m Unexpected token. Did you mean `{'}'}` or `&rbrace;`?
     [38;5;246m╭[0m[38;5;246m─[0m[38;5;246m[[0m src/pages/NewsletterPage.tsx:112:1 [38;5;246m][0m
     [38;5;246m│[0m
 [38;5;246m112 │[0m [38;5;249m}[0m
 [38;5;240m    │[0m │ 
 [38;5;240m    │[0m ╰─ 
[38;5;246m─────╯[0m

  Plugin: vite:oxc
  File: /home/naynek/Desktop/Backup/FX/fusion-frontend/src/pages/NewsletterPage.tsx
      at transformWithOxc (file:///home/naynek/Desktop/Backup/FX/fusion-frontend/node_modules/vite/dist/node/chunks/node.js:3745:19)
      at TransformPluginContext.transform (file:///home/naynek/Desktop/Backup/FX/fusion-frontend/node_modules/vite/dist/node/chunks/node.js:3813:26)
      at EnvironmentPluginContainer.transform (file:///home/naynek/Desktop/Backup/FX/fusion-frontend/node_modules/vite/dist/node/chunks/node.js:30143:51)
      at async loadAndTransform (file:///home/naynek/Desktop/Backup/FX/fusion-frontend/node_modules/vite/dist/node/chunks/node.js:24468:26)
      at async viteTransformMiddleware (file:///home/naynek/Desktop/Backup/FX/fusion-frontend/node_modules/vite/dist/node/chunks/node.js:24262:20)
11:41:31 PM [vite] (client) hmr update /src/pages/NewsletterPage.tsx, /src/index.css
